Line No: [8173]   14/08/23 00:50:30 imcgui: event remove: #30 from 10 (0)
Line No: [8174]   14/08/23 00:50:30 imcgui: event set: #14 from 2 (1)
Line No: [9347]   14/08/23 00:54:18 imcgui: event set: #30 from 10 (0)
Line No: [9348]   14/08/23 00:54:18 imcgui: event remove: #14 from 2 (1)
Line No: [9484]   14/08/23 00:54:44 imcgui: event clear: #30 fr[om 10 (0)
Line No: [9845]   14/08/23 02:35:16 imcgui: event set: #30 from 10 (0)
Line No: [9853]   14/08/23 02:35:38 imcgui: event clear: #30 from 10 (0)
Line No: [10014]   14/08/23 02:43:53 imcgui: event set: #14 from 2 (0)
Line No: [10023]   14/08/23 02:44:15 imcgui: event clear: #14 from 2 (1)
Line No: [10209]   14/08/23 03:53:48 imcgui: event set: #30 from 10 (0)
Line No: [10226]   14/08/23 03:54:13 imcgui: event set: #140 from 10 (0)
Line No: [10227]   14/08/23 03:54:13 imcgui: event remove: #30 from 10 (0)
Line No: [10244]   14/08/23 03:54:34 imcgui: event remove: #140 from 10 (0)
Line No: [10245]   14/08/23 03:54:34 imcgui: event set: #30 from 10 (0)
Line No: [10249]   14/08/23 03:54:44 imcgui: event set: #140 from 10 (0)
Line No: [10250]   14/08/23 03:54:45 imcgui: event remove: #30 from 10 (0)
Line No: [10290]   14/08/23 03:55:10 imcgui: event remove: #140 from 10 (0)
Line No: [10392]   14/08/23 03:57:47 imcgui: event set: #30 from 10 (0)
Line No: [10406]   14/08/23 03:57:59 imcgui: event clear: #30 from 10 (0)
Line No: [11624]   14/08/23 04:52:14 imcgui: event set: #14 from 2 (0)
Line No: [11825]   14/08/23 04:52:52 imcgui: event clear: #14 from 2 (1)
Line No: [12808]   14/08/23 04:56:07 imcgui: event set: #14 from 2 (1)
Line No: [13028]   14/08/23 04:56:49 imcgui: event clear: #14 from 2 (1)
Line No: [14002]   14/08/23 05:00:01 imcgui: event set: #14 from 2 (1)
Line No: [14223]   14/08/23 05:00:43 imcgui: event clear: #14 from 2 (1)
Line No: [15392]   25/09/23 16:36:54 imcgui: event set: #407 from 13 (0)
Line No: [15714]   26/09/23 00:26:06 imcgui: event #407 confirmed by user
Line No: [15750]   26/09/23 00:28:44 imcgui: event clear: #407 from 13 (0)
Line No: [15801]   26/09/23 00:33:35 imcgui: event set: #14 from 2 (0)
Line No: [15816]   26/09/23 00:34:20 imcgui: event clear: #14 from 2 (1)
Line No: [15828]   26/09/23 00:36:38 imcgui: event set: #30 from 10 (0)
Line No: [15836]   26/09/23 00:36:50 imcgui: event clear: #30 from 10 (0)
Line No: [15864]   26/09/23 00:42:30 imcgui: event set: #14 from 2 (1)
Line No: [15873]   26/09/23 00:43:02 imcgui: event clear: #14 from 2 (1)
Line No: [15910]   26/09/23 00:43:44 imcgui: event set: #407 from 13 (1)
Line No: [15936]   26/09/23 00:44:19 imcgui: event clear: #407 from 13 (1)
Line No: [16032]   26/09/23 00:52:15 imcgui: event set: #404 from 2 (0)
Line No: [16036]   26/09/23 00:53:18 imcgui: event clear: #404 from 2 (0)
Line No: [16040]   26/09/23 00:54:20 imcgui: event set: #407 from 2 (0)
Line No: [16043]   26/09/23 00:55:23 imcgui: event clear: #407 from 2 (0)
Line No: [16061]   26/09/23 00:55:45 imcgui: event set: #14 from 2 (1)
Line No: [16080]   26/09/23 00:57:38 imcgui: event clear: #14 from 2 (1)
Line No: [16104]   26/09/23 01:37:39 imcgui: event set: #431 from 2 (0)
Line No: [16106]   26/09/23 01:37:42 imcgui: event clear: #431 from 2 (0)
Line No: [16130]   26/09/23 01:38:08 imcgui: event set: #14 from 2 (1)
Line No: [16168]   26/09/23 02:08:41 imcgui: event set: #409 from 2 (0)
Line No: [16170]   26/09/23 02:08:44 imcgui: event clear: #409 from 2 (0)
Line No: [16190]   26/09/23 02:38:58 imcgui: event set: #408 from 2 (0)
Line No: [16192]   26/09/23 02:39:01 imcgui: event clear: #408 from 2 (0)
Line No: [16261]   26/09/23 03:09:53 imcgui: event set: #402 from 2 (0)
Line No: [16263]   26/09/23 03:09:56 imcgui: event clear: #402 from 2 (0)
Line No: [16283]   26/09/23 03:40:10 imcgui: event set: #420 from 2 (0)
Line No: [16284]   26/09/23 03:40:13 imcgui: event clear: #420 from 2 (0)
Line No: [16322]   26/09/23 03:41:09 imcgui: event clear: #14 from 2 (1)
Line No: [16345]   26/09/23 04:11:10 imcgui: event set: #30 from 2 (0)
Line No: [16347]   26/09/23 04:11:12 imcgui: event clear: #30 from 2 (0)
Line No: [16367]   26/09/23 04:41:27 imcgui: event set: #431 from 2 (0)
Line No: [16369]   26/09/23 04:41:29 imcgui: event clear: #431 from 2 (0)
Line No: [16413]   26/09/23 05:12:20 imcgui: event set: #23 from 2 (0)
Line No: [16414]   26/09/23 05:12:22 imcgui: event clear: #23 from 2 (0)
Line No: [16430]   26/09/23 05:42:36 imcgui: event set: #14 from 2 (1)
Line No: [16432]   26/09/23 05:42:39 imcgui: event clear: #14 from 2 (1)
Line No: [16477]   26/09/23 06:13:30 imcgui: event set: #48 from 2 (0)
Line No: [16478]   26/09/23 06:13:32 imcgui: event clear: #48 from 2 (0)
Line No: [16515]   26/09/23 06:43:46 imcgui: event set: #48 from 2 (0)
Line No: [16516]   26/09/23 06:43:49 imcgui: event clear: #48 from 2 (0)
Line No: [16557]   26/09/23 07:14:40 imcgui: event set: #412 from 2 (0)
Line No: [16558]   26/09/23 07:14:42 imcgui: event clear: #412 from 2 (0)
Line No: [16575]   26/09/23 07:44:56 imcgui: event set: #406 from 2 (0)
Line No: [16576]   26/09/23 07:44:59 imcgui: event clear: #406 from 2 (0)
Line No: [16617]   26/09/23 08:15:50 imcgui: event set: #412 from 2 (0)
Line No: [16618]   26/09/23 08:15:52 imcgui: event clear: #412 from 2 (0)
Line No: [16676]   26/09/23 09:16:54 imcgui: event set: #406 from 2 (0)
Line No: [16677]   26/09/23 09:16:57 imcgui: event clear: #406 from 2 (0)
Line No: [16717]   26/09/23 09:47:11 imcgui: event set: #352 from 2 (0)
Line No: [16718]   26/09/23 09:47:14 imcgui: event clear: #352 from 2 (1)
Line No: [16763]   26/09/23 10:18:04 imcgui: event set: #23 from 2 (0)
Line No: [16764]   26/09/23 10:18:07 imcgui: event clear: #23 from 2 (0)
Line No: [16780]   26/09/23 10:48:21 imcgui: event set: #14 from 2 (1)
Line No: [16782]   26/09/23 10:48:24 imcgui: event clear: #14 from 2 (1)
Line No: [16827]   26/09/23 11:19:14 imcgui: event set: #48 from 2 (0)
Line No: [16828]   26/09/23 11:19:17 imcgui: event clear: #48 from 2 (0)
Line No: [16845]   26/09/23 11:49:31 imcgui: event set: #404 from 2 (0)
Line No: [16847]   26/09/23 11:49:34 imcgui: event clear: #404 from 2 (0)
Line No: [16892]   26/09/23 12:20:24 imcgui: event set: #23 from 2 (0)
Line No: [16893]   26/09/23 12:20:27 imcgui: event clear: #23 from 2 (0)
Line No: [16914]   26/09/23 12:50:41 imcgui: event set: #352 from 2 (1)
Line No: [16915]   26/09/23 12:50:43 imcgui: event clear: #352 from 2 (1)
Line No: [16980]   26/09/23 13:21:34 imcgui: event set: #353 from 2 (1)
Line No: [16981]   26/09/23 13:21:37 imcgui: event clear: #353 from 2 (1)
Line No: [17000]   26/09/23 13:51:51 imcgui: event set: #408 from 2 (0)
Line No: [17002]   26/09/23 13:51:53 imcgui: event clear: #408 from 2 (0)
Line No: [17046]   26/09/23 14:22:44 imcgui: event set: #415 from 2 (0)
Line No: [17047]   26/09/23 14:22:47 imcgui: event clear: #415 from 2 (0)
Line No: [17064]   26/09/23 14:53:01 imcgui: event set: #48 from 2 (0)
Line No: [17065]   26/09/23 14:53:04 imcgui: event clear: #48 from 2 (0)
Line No: [17108]   26/09/23 15:23:54 imcgui: event set: #406 from 2 (0)
Line No: [17109]   26/09/23 15:23:57 imcgui: event clear: #406 from 2 (0)
Line No: [17125]   26/09/23 15:54:11 imcgui: event set: #415 from 2 (0)
Line No: [17126]   26/09/23 15:54:13 imcgui: event clear: #415 from 2 (0)
Line No: [17168]   26/09/23 16:25:04 imcgui: event set: #406 from 2 (0)
Line No: [17169]   26/09/23 16:25:06 imcgui: event clear: #406 from 2 (0)
Line No: [17206]   26/09/23 16:55:21 imcgui: event set: #415 from 2 (0)
Line No: [17207]   26/09/23 16:55:23 imcgui: event clear: #415 from 2 (0)
Line No: [17252]   26/09/23 17:26:14 imcgui: event set: #416 from 2 (0)
Line No: [17253]   26/09/23 17:26:16 imcgui: event clear: #416 from 2 (0)
Line No: [17272]   26/09/23 17:56:31 imcgui: event set: #416 from 2 (0)
Line No: [17273]   26/09/23 17:56:33 imcgui: event clear: #416 from 2 (0)
Line No: [17314]   26/09/23 18:27:24 imcgui: event set: #408 from 2 (0)
Line No: [17316]   26/09/23 18:27:26 imcgui: event clear: #408 from 2 (0)
Line No: [17342]   26/09/23 18:57:41 imcgui: event set: #427 from 2 (0)
Line No: [17343]   26/09/23 18:57:43 imcgui: event clear: #427 from 2 (0)
Line No: [17387]   26/09/23 19:28:34 imcgui: event set: #1034 from 2 (0)
Line No: [17389]   26/09/23 19:28:36 imcgui: event clear: #1034 from 2 (0)
Line No: [17426]   26/09/23 19:58:51 imcgui: event set: #409 from 2 (0)
Line No: [17428]   26/09/23 19:58:53 imcgui: event clear: #409 from 2 (0)
Line No: [17472]   26/09/23 20:29:44 imcgui: event set: #427 from 2 (0)
Line No: [17473]   26/09/23 20:29:46 imcgui: event clear: #427 from 2 (0)
Line No: [17491]   26/09/23 21:00:00 imcgui: event set: #415 from 2 (0)
Line No: [17492]   26/09/23 21:00:03 imcgui: event clear: #415 from 2 (0)
Line No: [17532]   26/09/23 21:30:54 imcgui: event set: #431 from 2 (0)
Line No: [17534]   26/09/23 21:30:56 imcgui: event clear: #431 from 2 (0)
Line No: [17556]   26/09/23 22:01:10 imcgui: event set: #409 from 2 (0)
Line No: [17558]   26/09/23 22:01:13 imcgui: event clear: #409 from 2 (0)
Line No: [17602]   26/09/23 22:32:03 imcgui: event set: #408 from 2 (0)
Line No: [17604]   26/09/23 22:32:06 imcgui: event clear: #408 from 2 (0)
Line No: [17625]   26/09/23 23:02:20 imcgui: event set: #402 from 2 (0)
Line No: [17627]   26/09/23 23:02:23 imcgui: event clear: #402 from 2 (0)
Line No: [17692]   26/09/23 23:33:13 imcgui: event set: #420 from 2 (0)
Line No: [17693]   26/09/23 23:33:16 imcgui: event clear: #420 from 2 (0)
Line No: [17707]   26/09/23 23:58:30 imcgui: event set: #30 from 2 (0)
Line No: [17709]   26/09/23 23:58:33 imcgui: event clear: #30 from 2 (0)
Line No: [17751]   27/09/23 00:24:23 imcgui: event set: #14 from 2 (1)
Line No: [17753]   27/09/23 00:24:26 imcgui: event clear: #14 from 2 (1)
Line No: [17790]   27/09/23 00:27:20 imcgui: event set: #30 from 10 (0)
Line No: [17805]   27/09/23 00:28:20 imcgui: event clear: #30 from 10 (0)
Line No: [17816]   27/09/23 00:28:50 imcgui: event set: #407 from 13 (0)
Line No: [17833]   27/09/23 00:40:45 imcgui: event #407 confirmed by user
Line No: [17869]   27/09/23 00:43:30 imcgui: event clear: #407 from 13 (0)
Line No: [17920]   27/09/23 00:48:17 imcgui: event set: #14 from 2 (1)
Line No: [17935]   27/09/23 00:49:02 imcgui: event clear: #14 from 2 (1)
Line No: [17947]   27/09/23 00:51:20 imcgui: event set: #30 from 10 (0)
Line No: [17955]   27/09/23 00:51:32 imcgui: event clear: #30 from 10 (0)
Line No: [17983]   27/09/23 00:57:12 imcgui: event set: #14 from 2 (1)
Line No: [17992]   27/09/23 00:57:44 imcgui: event clear: #14 from 2 (1)
Line No: [18032]   27/09/23 00:58:29 imcgui: event set: #407 from 13 (1)
Line No: [18054]   27/09/23 00:59:01 imcgui: event clear: #407 from 13 (1)
Line No: [18151]   27/09/23 01:06:57 imcgui: event set: #404 from 2 (0)
Line No: [18155]   27/09/23 01:07:59 imcgui: event clear: #404 from 2 (0)
Line No: [18159]   27/09/23 01:09:02 imcgui: event set: #407 from 2 (0)
Line No: [18161]   27/09/23 01:10:05 imcgui: event clear: #407 from 2 (0)
Line No: [18179]   27/09/23 01:10:27 imcgui: event set: #14 from 2 (1)
Line No: [18198]   27/09/23 01:12:20 imcgui: event clear: #14 from 2 (1)
Line No: [18220]   27/09/23 01:52:21 imcgui: event set: #431 from 2 (0)
Line No: [18222]   27/09/23 01:52:24 imcgui: event clear: #431 from 2 (0)
Line No: [18246]   27/09/23 01:52:48 imcgui: event set: #14 from 2 (1)
Line No: [18285]   27/09/23 02:23:23 imcgui: event set: #409 from 2 (0)
Line No: [18287]   27/09/23 02:23:26 imcgui: event clear: #409 from 2 (0)
Line No: [18328]   27/09/23 02:53:40 imcgui: event set: #408 from 2 (0)
Line No: [18330]   27/09/23 02:53:43 imcgui: event clear: #408 from 2 (0)
Line No: [18382]   27/09/23 03:24:35 imcgui: event set: #402 from 2 (0)
Line No: [18384]   27/09/23 03:24:38 imcgui: event clear: #402 from 2 (0)
Line No: [18405]   27/09/23 03:54:52 imcgui: event set: #420 from 2 (0)
Line No: [18406]   27/09/23 03:54:54 imcgui: event clear: #420 from 2 (0)
Line No: [18443]   27/09/23 03:55:51 imcgui: event clear: #14 from 2 (1)
Line No: [18460]   27/09/23 04:25:52 imcgui: event set: #30 from 2 (0)
Line No: [18462]   27/09/23 04:25:54 imcgui: event clear: #30 from 2 (0)
Line No: [18485]   27/09/23 04:56:09 imcgui: event set: #431 from 2 (0)
Line No: [18487]   27/09/23 04:56:11 imcgui: event clear: #431 from 2 (0)
Line No: [18531]   27/09/23 05:27:02 imcgui: event set: #23 from 2 (0)
Line No: [18532]   27/09/23 05:27:04 imcgui: event clear: #23 from 2 (0)
Line No: [18551]   27/09/23 05:57:19 imcgui: event set: #14 from 2 (1)
Line No: [18553]   27/09/23 05:57:21 imcgui: event clear: #14 from 2 (1)
Line No: [18623]   27/09/23 06:28:12 imcgui: event set: #48 from 2 (0)
Line No: [18624]   27/09/23 06:28:14 imcgui: event clear: #48 from 2 (0)
Line No: [18640]   27/09/23 06:58:28 imcgui: event set: #48 from 2 (0)
Line No: [18641]   27/09/23 06:58:31 imcgui: event clear: #48 from 2 (0)
Line No: [18682]   27/09/23 07:29:21 imcgui: event set: #412 from 2 (0)
Line No: [18683]   27/09/23 07:29:24 imcgui: event clear: #412 from 2 (0)
Line No: [18702]   27/09/23 07:59:38 imcgui: event set: #406 from 2 (0)
Line No: [18703]   27/09/23 07:59:41 imcgui: event clear: #406 from 2 (0)
Line No: [18744]   27/09/23 08:30:31 imcgui: event set: #412 from 2 (0)
Line No: [18745]   27/09/23 08:30:34 imcgui: event clear: #412 from 2 (0)
Line No: [18804]   27/09/23 09:31:36 imcgui: event set: #406 from 2 (0)
Line No: [18805]   27/09/23 09:31:39 imcgui: event clear: #406 from 2 (0)
Line No: [18845]   27/09/23 10:01:53 imcgui: event set: #352 from 2 (1)
Line No: [18846]   27/09/23 10:01:55 imcgui: event clear: #352 from 2 (1)
Line No: [18886]   27/09/23 10:32:46 imcgui: event set: #23 from 2 (0)
Line No: [18887]   27/09/23 10:32:49 imcgui: event clear: #23 from 2 (0)
Line No: [18909]   27/09/23 11:03:03 imcgui: event set: #14 from 2 (1)
Line No: [18911]   27/09/23 11:03:05 imcgui: event clear: #14 from 2 (1)
Line No: [18954]   27/09/23 11:33:56 imcgui: event set: #48 from 2 (0)
Line No: [18955]   27/09/23 11:33:58 imcgui: event clear: #48 from 2 (0)
Line No: [18974]   27/09/23 12:04:13 imcgui: event set: #404 from 2 (0)
Line No: [18976]   27/09/23 12:04:15 imcgui: event clear: #404 from 2 (0)
Line No: [19026]   27/09/23 12:35:06 imcgui: event set: #23 from 2 (0)
Line No: [19027]   27/09/23 12:35:08 imcgui: event clear: #23 from 2 (0)
Line No: [19065]   27/09/23 13:05:23 imcgui: event set: #352 from 2 (1)
Line No: [19066]   27/09/23 13:05:25 imcgui: event clear: #352 from 2 (1)
Line No: [19105]   27/09/23 13:36:16 imcgui: event set: #353 from 2 (1)
Line No: [19106]   27/09/23 13:36:18 imcgui: event clear: #353 from 2 (1)
Line No: [19123]   27/09/23 14:06:32 imcgui: event set: #408 from 2 (0)
Line No: [19125]   27/09/23 14:06:35 imcgui: event clear: #408 from 2 (0)
Line No: [19170]   27/09/23 14:37:25 imcgui: event set: #415 from 2 (0)
Line No: [19171]   27/09/23 14:37:28 imcgui: event clear: #415 from 2 (0)
Line No: [19190]   27/09/23 15:07:42 imcgui: event set: #48 from 2 (0)
Line No: [19191]   27/09/23 15:07:45 imcgui: event clear: #48 from 2 (0)
Line No: [19231]   27/09/23 15:38:35 imcgui: event set: #406 from 2 (0)
Line No: [19232]   27/09/23 15:38:38 imcgui: event clear: #406 from 2 (0)
Line No: [19252]   27/09/23 16:08:52 imcgui: event set: #415 from 2 (0)
Line No: [19253]   27/09/23 16:08:55 imcgui: event clear: #415 from 2 (0)
Line No: [19316]   27/09/23 16:39:45 imcgui: event set: #406 from 2 (0)
Line No: [19317]   27/09/23 16:39:48 imcgui: event clear: #406 from 2 (0)
Line No: [19335]   27/09/23 17:10:02 imcgui: event set: #415 from 2 (0)
Line No: [19336]   27/09/23 17:10:05 imcgui: event clear: #415 from 2 (0)
Line No: [19378]   27/09/23 17:40:55 imcgui: event set: #416 from 2 (0)
Line No: [19379]   27/09/23 17:40:58 imcgui: event clear: #416 from 2 (0)
Line No: [19396]   27/09/23 18:11:12 imcgui: event set: #416 from 2 (0)
Line No: [19397]   27/09/23 18:11:15 imcgui: event clear: #416 from 2 (0)
Line No: [19438]   27/09/23 18:42:05 imcgui: event set: #408 from 2 (0)
Line No: [19440]   27/09/23 18:42:08 imcgui: event clear: #408 from 2 (0)
Line No: [19461]   27/09/23 19:12:22 imcgui: event set: #427 from 2 (0)
Line No: [19462]   27/09/23 19:12:25 imcgui: event clear: #427 from 2 (0)
Line No: [19501]   27/09/23 19:43:15 imcgui: event set: #1034 from 2 (0)
Line No: [19502]   27/09/23 19:43:18 imcgui: event clear: #1034 from 2 (0)
Line No: [19540]   27/09/23 20:13:32 imcgui: event set: #409 from 2 (0)
Line No: [19542]   27/09/23 20:13:35 imcgui: event clear: #409 from 2 (0)
